


ARM Macro Assembler    Page 1 


    1 00000000         ; ÷–π˙ø∆—ßºº ı¥Û—ß£¨–≈œ¢ø∆—ßºº ı—ß‘∫£¨Œ¢ª˙‘≠¿Ì”Î«∂»Î Ωœµ
                       Õ≥
    2 00000000         ; ¥øª„±‡µƒ¥˙¬Î æ¿˝£¨2020-05-11
    3 00000000         
    4 00000000         ; Stack Size (in Bytes) <0x0-0xFFFFFFFF:8>
    5 00000000         ; ∂®“Â’ª¥Û–°
    6 00000000 00000400 
                       Stack_Size
                               EQU              0x00000400
    7 00000000         
    8 00000000                 AREA             STACK, NOINIT, READWRITE, ALIGN
=3
    9 00000000         __stack_limit
   10 00000000         Stack_Mem
                               SPACE            Stack_Size
   11 00000400         __initial_sp
   12 00000400         
   13 00000400                 EXPORT           __stack_limit
   14 00000400                 EXPORT           __initial_sp
   15 00000400                 THUMB
   16 00000400         
   17 00000400         ; Vector Table Mapped to Address 0 at Reset
   18 00000400                 AREA             RESET, DATA, READONLY
   19 00000000                 EXPORT           __Vectors
   20 00000000                 EXPORT           __Vectors_End
   21 00000000                 EXPORT           __Vectors_Size
   22 00000000 00000000 
                       __Vectors
                               DCD              __initial_sp ; Top of Stack
   23 00000004 00000000        DCD              Reset_Handler ; Reset Handler
   24 00000008 00 00 00 
              00 00 00 
              00 00 00 
              00 00 00 
              00 00 00 
              00 00 00 
              00 00 00 
              00 00 00 
              00 00 00 
              00 00 00 
              00 00 00 
              00 00 00 
              00 00 00 
              00 00 00 
              00 00 00 
              00 00 00 
              00 00 00 
              00 00 00 
              00 00 00 
              00 00 00 
              00 00 00 
              00 00 00 
              00 00 00 
              00 00 00 
              00 00 00 
              00 00 00 
              00 00 00 
              00 00 00 
              00 00 00 



ARM Macro Assembler    Page 2 


              00 00 00 
              00 00 00 
              00 00 00 
              00 00 00 
              00 00 00 
              00 00 00 
              00 00 00 
              00 00 00 
              00 00 00 
              00 00 00 
              00 00 00 
              00 00 00 
              00 00 00 
              00 00 00 
              00 00 00 
              00 00 00 
              00 00 00 
              00 00 00 
              00 00 00 
              00 00 00 
              00 00 00 
              00 00 00 
              00 00 00 
              00 00 00 
              00 00 00 
              00 00 00 
              00 00 00 
              00 00 00 
              00 00 00 
              00 00 00 
              00 00 00 
              00 00 00 
              00 00 00 
              00 00 00 
              00 00 00 
              00 00 00 
              00 00 00 
              00 00 00 
              00 00 00 
              00 00 00 
              00 00 00 
              00 00 00 
              00 00 00 
              00 00 00 
              00 00 00 
              00 00 00 
              00 00 00 
              00 00 00 
              00 00 00 
              00 00 00 
              00 00 00 
              00 00 00 
              00 00 00 
              00 00 00 
              00 00 00 
              00 00 00 
              00 00 00 
              00 00 00 
              00 00 00 



ARM Macro Assembler    Page 3 


              00 00 00 
              00 00 00 
              00 00 00 
              00 00 00 
              00 00 00 
              00 00 00 
              00 00 00 
              00 00 00 
              00 00 00 
              00 00 00 
              00 00 00 
              00 00 00 
              00 00 00 
              00 00 00 
              00 00 00 
              00 00 00 
              00 00 00 
              00 00 00 
              00 00 00 
              00 00 00 
              00 00 00 
              00 00 00 
              00 00 00 
              00 00 00 
              00 00 00 
              00 00 00 
              00 00 00 
              00 00 00 
              00 00 00 
              00 00 00 
              00 00 00 
              00 00 00 
              00 00 00 
              00 00 00 
              00 00 00 
              00 00 00 
              00 00 00 
              00 00 00 
              00 00 00 
              00 00 00 
              00 00 00 
              00 00 00 
              00 00 00 
              00 00 00 
              00 00 00 
              00 00 00 
              00 00 00 
              00 00 00 
              00 00 00 
              00 00 00 
              00 00 00 
              00 00 00 
              00 00 00 
              00 00 00 
              00 00 00 
              00 00 00 
              00 00 00 
              00 00 00 
              00 00 00 



ARM Macro Assembler    Page 4 


              00 00 00 
              00 00 00 
              00 00 00 
              00 00 00 
              00 00 00 
              00 00 00 
              00 00 00 
              00 00 00 
              00 00 00 
              00 00 00 
              00 00 00 
              00 00 00 
              00 00 00 
              00 00 00 
              00 00 00 
              00 00 00 
              00 00 00 
              00 00 00 
              00 00 00 
              00 00 00 
              00 00 00 
              00 00 00 
              00 00 00 
              00 00 00 
              00 00 00 
              00 00 00 
              00 00 00 
              00 00 00 
              00 00 00 
              00 00 00 
              00 00 00 
              00 00 00 
              00 00 00 
              00 00 00 
              00 00 00 
              00 00 00 
              00 00 00 
              00 00 00 
              00 00 00 
              00 00 00 
              00 00 00 
              00 00 00 
              00 00 00 
              00 00 00 
              00 00 00 
              00 00 00 
              00 00 00 
              00 00 00 
              00 00 00 
              00 00 00 
              00 00 00 
              00 00 00 
              00 00 00 
              00 00 00 
              00 00 00 
              00 00 00 
              00 00 00 
              00 00 00 
              00 00 00 



ARM Macro Assembler    Page 5 


              00 00 00 
              00 00 00 
              00 00 00 
              00 00 00 
              00 00 00 
              00 00 00 
              00 00 00 
              00 00 00 
              00 00 00 
              00 00 00 
              00 00 00 
              00 00 00 
              00 00 00 
              00 00 00 
              00 00 00 
              00 00 00 
              00 00 00 
              00 00 00 
              00 00 00 
              00 00 00 
              00 00 00 
              00 00 00 
              00 00 00 
              00 00 00 
              00 00 00 
              00 00 00 
              00 00 00 
              00 00 00 
              00 00 00 
              00 00 00 
              00 00 00 
              00 00 00 
              00 00 00 
              00 00 00 
              00 00 00 
              00 00 00 
              00 00 00 
              00 00 00 
              00 00 00 
              00 00 00 
              00 00 00 
              00 00 00 
              00 00 00 
              00 00 00 
              00 00 00 
              00 00 00 
              00 00 00 
              00 00 00 
              00 00 00 
              00 00 00 
              00 00 00 
              00 00 00 
              00 00 00 
              00 00 00 
              00 00 00 
              00 00 00 
              00 00 00 
              00 00 00 
              00 00 00 



ARM Macro Assembler    Page 6 


              00 00 00 
              00 00 00 
              00 00 00 
              00 00 00 
              00 00 00 
              00 00 00 
              00 00 00 
              00 00 00 
              00 00 00 
              00 00 00 
              00 00 00 
              00 00 00 
              00 00 00 
              00 00 00 
              00 00 00 
              00 00 00 
              00 00 00 
              00 00 00 
              00 00 00 
              00 00 00 
              00 00 00 
              00 00 00 
              00 00 00 
              00 00 00 
              00 00 00 
              00 00 00 
              00 00 00 
              00 00 00 
              00 00 00 
              00 00 00 
              00 00 00 
              00 00 00 
              00 00 00 
              00 00 00 
              00 00 00 
              00 00 00 
              00 00 00 
              00 00 00 
              00 00 00 
              00 00 00 
              00 00 00 
              00 00 00 
              00 00 00 
              00 00 00 
              00 00 00 
              00 00 00 
              00 00 00 
              00 00 00 
              00 00 00 
              00 00 00 
              00 00 00 
              00 00 00 
              00 00 00 
              00 00 00 
              00 00 00 
              00 00 00 
              00 00 00 
              00 00 00 
              00 00 00 



ARM Macro Assembler    Page 7 


              00 00 00 
              00 00 00 
              00 00 00 
              00 00 00 
              00 00 00 
              00 00 00 
              00 00 00 
              00 00 00 
              00 00 00 
              00 00 00 
              00 00 00 
              00 00 00 
              00 00 00 
              00 00 00 
              00 00            SPACE            (254 * 4)   ; Œ™∑Ω±„—› æ£¨∆‰À˚“
                                                            Ï≥£œÚ¡ø√ª”–÷∏∂®
   25 00000400         __Vectors_End
   26 00000400 00000400 
                       __Vectors_Size
                               EQU              __Vectors_End - __Vectors
   27 00000400         
   28 00000400         
   29 00000400                 AREA             |.text|, CODE, READONLY
   30 00000000         ; Reset Handler
   31 00000000         Reset_Handler
                               PROC
   32 00000000                 EXPORT           Reset_Handler             [WEAK
]
   33 00000000         
   34 00000000         ;≥Ã–Úø™ º
   35 00000000         
   36 00000000         ;AREA RESET, CODE, READONLY
   37 00000000                 ENTRY
   38 00000000 F04F 024C       MOV              R2, #76     ;≥ı ºªØR2µƒ÷µ
   39 00000004 F04F 0358       MOV              R3, #88     ;≥ı ºªØR3µƒ÷µ
   40 00000008 4293            CMP              R3, R2      ;≈–∂œR3>R2?
   41 0000000A BF8C F102 
              030A             ADDHI            R3, R2, #10 ;R3>R2 ±£¨R3=R2+10
   42 00000010 F102 0364       ADDLS            R3, R2, #100 ;R3<=R2 ±£¨R3=R2+1
                                                            00
   43 00000014         ;END
   44 00000014         
   45 00000014         ;≥Ã–ÚΩ· ¯
   46 00000014         
   47 00000014 BF00            NOP
   48 00000016 E7FE            B                Reset_Handler
   49 00000018                 ENDP
   50 00000018         
   51 00000018                 END
Command Line: --debug --xref --diag_suppress=9931 --cpu=Cortex-M3 --apcs=interw
ork --depend=.\objects\hr0703.d -o.\objects\hr0703.o -IF:\github_repository\Mic
rocomputer-Principle-and-System_experiment\µ⁄7’¬◊˜“µ\RTE -I"D:\Program Files (x
86)\MDK5.20\Keil\STM32F1xx_DFP\2.1.0\Device\Include" -I"D:\Program Files (x86)\
MDK5.20\ARM\CMSIS\Include" --predefine="__UVISION_VERSION SETA 521" --predefine
="STM32F10X_HD SETA 1" --list=.\listings\hr0703.lst hr0703.s



ARM Macro Assembler    Page 1 Alphabetic symbol ordering
Relocatable symbols

STACK 00000000

Symbol: STACK
   Definitions
      At line 8 in file hr0703.s
   Uses
      None
Comment: STACK unused
Stack_Mem 00000000

Symbol: Stack_Mem
   Definitions
      At line 10 in file hr0703.s
   Uses
      None
Comment: Stack_Mem unused
__initial_sp 00000400

Symbol: __initial_sp
   Definitions
      At line 11 in file hr0703.s
   Uses
      At line 14 in file hr0703.s
      At line 22 in file hr0703.s

__stack_limit 00000000

Symbol: __stack_limit
   Definitions
      At line 9 in file hr0703.s
   Uses
      At line 13 in file hr0703.s
Comment: __stack_limit used once
4 symbols



ARM Macro Assembler    Page 1 Alphabetic symbol ordering
Relocatable symbols

RESET 00000000

Symbol: RESET
   Definitions
      At line 18 in file hr0703.s
   Uses
      None
Comment: RESET unused
__Vectors 00000000

Symbol: __Vectors
   Definitions
      At line 22 in file hr0703.s
   Uses
      At line 19 in file hr0703.s
      At line 26 in file hr0703.s

__Vectors_End 00000400

Symbol: __Vectors_End
   Definitions
      At line 25 in file hr0703.s
   Uses
      At line 20 in file hr0703.s
      At line 26 in file hr0703.s

3 symbols



ARM Macro Assembler    Page 1 Alphabetic symbol ordering
Relocatable symbols

.text 00000000

Symbol: .text
   Definitions
      At line 29 in file hr0703.s
   Uses
      None
Comment: .text unused
Reset_Handler 00000000

Symbol: Reset_Handler
   Definitions
      At line 31 in file hr0703.s
   Uses
      At line 23 in file hr0703.s
      At line 32 in file hr0703.s
      At line 48 in file hr0703.s

2 symbols



ARM Macro Assembler    Page 1 Alphabetic symbol ordering
Absolute symbols

Stack_Size 00000400

Symbol: Stack_Size
   Definitions
      At line 6 in file hr0703.s
   Uses
      At line 10 in file hr0703.s
Comment: Stack_Size used once
__Vectors_Size 00000400

Symbol: __Vectors_Size
   Definitions
      At line 26 in file hr0703.s
   Uses
      At line 21 in file hr0703.s
Comment: __Vectors_Size used once
2 symbols
343 symbols in table
