


ARM Macro Assembler    Page 1 


    1 00000000         ; йѧѧϢѧѧԺ΢ԭǶʽϵ
                       ͳ
    2 00000000         ; Ĵʾ2020-05-11
    3 00000000         
    4 00000000         ; Stack Size (in Bytes) <0x0-0xFFFFFFFF:8>
    5 00000000         ; ջС
    6 00000000 00000400 
                       Stack_Size
                               EQU              0x00000400
    7 00000000         
    8 00000000                 AREA             STACK, NOINIT, READWRITE, ALIGN
=3
    9 00000000         __stack_limit
   10 00000000         Stack_Mem
                               SPACE            Stack_Size
   11 00000400         __initial_sp
   12 00000400         
   13 00000400                 EXPORT           __stack_limit
   14 00000400                 EXPORT           __initial_sp
   15 00000400                 THUMB
   16 00000400         
   17 00000400         ; Vector Table Mapped to Address 0 at Reset
   18 00000400                 AREA             RESET, DATA, READONLY
   19 00000000                 EXPORT           __Vectors
   20 00000000                 EXPORT           __Vectors_End
   21 00000000                 EXPORT           __Vectors_Size
   22 00000000 00000000 
                       __Vectors
                               DCD              __initial_sp ; Top of Stack
   23 00000004 00000000        DCD              Reset_Handler ; Reset Handler
   24 00000008 00 00 00 
              00 00 00 
              00 00 00 
              00 00 00 
              00 00 00 
              00 00 00 
              00 00 00 
              00 00 00 
              00 00 00 
              00 00 00 
              00 00 00 
              00 00 00 
              00 00 00 
              00 00 00 
              00 00 00 
              00 00 00 
              00 00 00 
              00 00 00 
              00 00 00 
              00 00 00 
              00 00 00 
              00 00 00 
              00 00 00 
              00 00 00 
              00 00 00 
              00 00 00 
              00 00 00 
              00 00 00 
              00 00 00 



ARM Macro Assembler    Page 2 


              00 00 00 
              00 00 00 
              00 00 00 
              00 00 00 
              00 00 00 
              00 00 00 
              00 00 00 
              00 00 00 
              00 00 00 
              00 00 00 
              00 00 00 
              00 00 00 
              00 00 00 
              00 00 00 
              00 00 00 
              00 00 00 
              00 00 00 
              00 00 00 
              00 00 00 
              00 00 00 
              00 00 00 
              00 00 00 
              00 00 00 
              00 00 00 
              00 00 00 
              00 00 00 
              00 00 00 
              00 00 00 
              00 00 00 
              00 00 00 
              00 00 00 
              00 00 00 
              00 00 00 
              00 00 00 
              00 00 00 
              00 00 00 
              00 00 00 
              00 00 00 
              00 00 00 
              00 00 00 
              00 00 00 
              00 00 00 
              00 00 00 
              00 00 00 
              00 00 00 
              00 00 00 
              00 00 00 
              00 00 00 
              00 00 00 
              00 00 00 
              00 00 00 
              00 00 00 
              00 00 00 
              00 00 00 
              00 00 00 
              00 00 00 
              00 00 00 
              00 00 00 
              00 00 00 



ARM Macro Assembler    Page 3 


              00 00 00 
              00 00 00 
              00 00 00 
              00 00 00 
              00 00 00 
              00 00 00 
              00 00 00 
              00 00 00 
              00 00 00 
              00 00 00 
              00 00 00 
              00 00 00 
              00 00 00 
              00 00 00 
              00 00 00 
              00 00 00 
              00 00 00 
              00 00 00 
              00 00 00 
              00 00 00 
              00 00 00 
              00 00 00 
              00 00 00 
              00 00 00 
              00 00 00 
              00 00 00 
              00 00 00 
              00 00 00 
              00 00 00 
              00 00 00 
              00 00 00 
              00 00 00 
              00 00 00 
              00 00 00 
              00 00 00 
              00 00 00 
              00 00 00 
              00 00 00 
              00 00 00 
              00 00 00 
              00 00 00 
              00 00 00 
              00 00 00 
              00 00 00 
              00 00 00 
              00 00 00 
              00 00 00 
              00 00 00 
              00 00 00 
              00 00 00 
              00 00 00 
              00 00 00 
              00 00 00 
              00 00 00 
              00 00 00 
              00 00 00 
              00 00 00 
              00 00 00 
              00 00 00 



ARM Macro Assembler    Page 4 


              00 00 00 
              00 00 00 
              00 00 00 
              00 00 00 
              00 00 00 
              00 00 00 
              00 00 00 
              00 00 00 
              00 00 00 
              00 00 00 
              00 00 00 
              00 00 00 
              00 00 00 
              00 00 00 
              00 00 00 
              00 00 00 
              00 00 00 
              00 00 00 
              00 00 00 
              00 00 00 
              00 00 00 
              00 00 00 
              00 00 00 
              00 00 00 
              00 00 00 
              00 00 00 
              00 00 00 
              00 00 00 
              00 00 00 
              00 00 00 
              00 00 00 
              00 00 00 
              00 00 00 
              00 00 00 
              00 00 00 
              00 00 00 
              00 00 00 
              00 00 00 
              00 00 00 
              00 00 00 
              00 00 00 
              00 00 00 
              00 00 00 
              00 00 00 
              00 00 00 
              00 00 00 
              00 00 00 
              00 00 00 
              00 00 00 
              00 00 00 
              00 00 00 
              00 00 00 
              00 00 00 
              00 00 00 
              00 00 00 
              00 00 00 
              00 00 00 
              00 00 00 
              00 00 00 



ARM Macro Assembler    Page 5 


              00 00 00 
              00 00 00 
              00 00 00 
              00 00 00 
              00 00 00 
              00 00 00 
              00 00 00 
              00 00 00 
              00 00 00 
              00 00 00 
              00 00 00 
              00 00 00 
              00 00 00 
              00 00 00 
              00 00 00 
              00 00 00 
              00 00 00 
              00 00 00 
              00 00 00 
              00 00 00 
              00 00 00 
              00 00 00 
              00 00 00 
              00 00 00 
              00 00 00 
              00 00 00 
              00 00 00 
              00 00 00 
              00 00 00 
              00 00 00 
              00 00 00 
              00 00 00 
              00 00 00 
              00 00 00 
              00 00 00 
              00 00 00 
              00 00 00 
              00 00 00 
              00 00 00 
              00 00 00 
              00 00 00 
              00 00 00 
              00 00 00 
              00 00 00 
              00 00 00 
              00 00 00 
              00 00 00 
              00 00 00 
              00 00 00 
              00 00 00 
              00 00 00 
              00 00 00 
              00 00 00 
              00 00 00 
              00 00 00 
              00 00 00 
              00 00 00 
              00 00 00 
              00 00 00 



ARM Macro Assembler    Page 6 


              00 00 00 
              00 00 00 
              00 00 00 
              00 00 00 
              00 00 00 
              00 00 00 
              00 00 00 
              00 00 00 
              00 00 00 
              00 00 00 
              00 00 00 
              00 00 00 
              00 00 00 
              00 00 00 
              00 00 00 
              00 00 00 
              00 00 00 
              00 00 00 
              00 00 00 
              00 00 00 
              00 00 00 
              00 00 00 
              00 00 00 
              00 00 00 
              00 00 00 
              00 00 00 
              00 00 00 
              00 00 00 
              00 00 00 
              00 00 00 
              00 00 00 
              00 00 00 
              00 00 00 
              00 00 00 
              00 00 00 
              00 00 00 
              00 00 00 
              00 00 00 
              00 00 00 
              00 00 00 
              00 00 00 
              00 00 00 
              00 00 00 
              00 00 00 
              00 00 00 
              00 00 00 
              00 00 00 
              00 00 00 
              00 00 00 
              00 00 00 
              00 00 00 
              00 00 00 
              00 00 00 
              00 00 00 
              00 00 00 
              00 00 00 
              00 00 00 
              00 00 00 
              00 00 00 



ARM Macro Assembler    Page 7 


              00 00 00 
              00 00 00 
              00 00 00 
              00 00 00 
              00 00 00 
              00 00 00 
              00 00 00 
              00 00 00 
              00 00 00 
              00 00 00 
              00 00 00 
              00 00 00 
              00 00 00 
              00 00 00 
              00 00            SPACE            (254 * 4)   ; Ϊʾ
                                                            쳣ûָ
   25 00000400         __Vectors_End
   26 00000400 00000400 
                       __Vectors_Size
                               EQU              __Vectors_End - __Vectors
   27 00000400         
   28 00000400         
   29 00000400                 AREA             |.text|, CODE, READONLY
   30 00000000         ; Reset Handler
   31 00000000         Reset_Handler
                               PROC
   32 00000000                 EXPORT           Reset_Handler             [WEAK
]
   33 00000000         
   34 00000000         ;ʼ
   35 00000000         
   36 00000000 00000013 
                       X       EQU              19          ;XֵΪ19
   37 00000000 00000014 
                       N       EQU              20          ;NֵΪ20
   38 00000000         ;AREA RESET, CODE, READONLY;
   39 00000000                 ENTRY                        ;ʶ
   40 00000000 F04F 0013 
                       START   LDR              R0, =X      ;R0R1ֵ
   41 00000004 F04F 0114       LDR              R1 , =N     ;NȡR1
   42 00000008 F000 F801       BL               MAX         ;ӳMAX
   43 0000000C E7FE    HALT    B                HALT        ;
   44 0000000E         MAX                                  ;ӳMAX
   45 0000000E 4288            CMP              R0, R1      ;жR0>R1?
   46 00000010 BF8C 4602       MOVHI            R2, R0      ;R0>R1ʱR2=R0,R2
                                                            R0,R1еֵ
   47 00000014 460A            MOVLS            R2, R1      ;R0<=R1ʱR2=R1,R2
                                                            R0,R1еֵ
   48 00000016 46F7            MOV              PC, LR      ;
   49 00000018         ;END
   50 00000018         
   51 00000018         ;
   52 00000018         
   53 00000018 BF00            NOP
   54 0000001A E7FE            B                Reset_Handler
   55 0000001C                 ENDP
   56 0000001C         
   57 0000001C                 END
Command Line: --debug --xref --diag_suppress=9931 --cpu=Cortex-M3 --apcs=interw



ARM Macro Assembler    Page 8 


ork --depend=.\objects\hr0707.d -o.\objects\hr0707.o -IF:\github_repository\Mic
rocomputer-Principle-and-System_experiment\7ҵ\RTE -I"D:\Program Files (x
86)\MDK5.20\Keil\STM32F1xx_DFP\2.1.0\Device\Include" -I"D:\Program Files (x86)\
MDK5.20\ARM\CMSIS\Include" --predefine="__UVISION_VERSION SETA 521" --predefine
="STM32F10X_HD SETA 1" --list=.\listings\hr0707.lst hr0707.s



ARM Macro Assembler    Page 1 Alphabetic symbol ordering
Relocatable symbols

STACK 00000000

Symbol: STACK
   Definitions
      At line 8 in file hr0707.s
   Uses
      None
Comment: STACK unused
Stack_Mem 00000000

Symbol: Stack_Mem
   Definitions
      At line 10 in file hr0707.s
   Uses
      None
Comment: Stack_Mem unused
__initial_sp 00000400

Symbol: __initial_sp
   Definitions
      At line 11 in file hr0707.s
   Uses
      At line 14 in file hr0707.s
      At line 22 in file hr0707.s

__stack_limit 00000000

Symbol: __stack_limit
   Definitions
      At line 9 in file hr0707.s
   Uses
      At line 13 in file hr0707.s
Comment: __stack_limit used once
4 symbols



ARM Macro Assembler    Page 1 Alphabetic symbol ordering
Relocatable symbols

RESET 00000000

Symbol: RESET
   Definitions
      At line 18 in file hr0707.s
   Uses
      None
Comment: RESET unused
__Vectors 00000000

Symbol: __Vectors
   Definitions
      At line 22 in file hr0707.s
   Uses
      At line 19 in file hr0707.s
      At line 26 in file hr0707.s

__Vectors_End 00000400

Symbol: __Vectors_End
   Definitions
      At line 25 in file hr0707.s
   Uses
      At line 20 in file hr0707.s
      At line 26 in file hr0707.s

3 symbols



ARM Macro Assembler    Page 1 Alphabetic symbol ordering
Relocatable symbols

.text 00000000

Symbol: .text
   Definitions
      At line 29 in file hr0707.s
   Uses
      None
Comment: .text unused
HALT 0000000C

Symbol: HALT
   Definitions
      At line 43 in file hr0707.s
   Uses
      At line 43 in file hr0707.s
Comment: HALT used once
MAX 0000000E

Symbol: MAX
   Definitions
      At line 44 in file hr0707.s
   Uses
      At line 42 in file hr0707.s
Comment: MAX used once
Reset_Handler 00000000

Symbol: Reset_Handler
   Definitions
      At line 31 in file hr0707.s
   Uses
      At line 23 in file hr0707.s
      At line 32 in file hr0707.s
      At line 54 in file hr0707.s

START 00000000

Symbol: START
   Definitions
      At line 40 in file hr0707.s
   Uses
      None
Comment: START unused
5 symbols



ARM Macro Assembler    Page 1 Alphabetic symbol ordering
Absolute symbols

N 00000014

Symbol: N
   Definitions
      At line 37 in file hr0707.s
   Uses
      At line 41 in file hr0707.s
Comment: N used once
Stack_Size 00000400

Symbol: Stack_Size
   Definitions
      At line 6 in file hr0707.s
   Uses
      At line 10 in file hr0707.s
Comment: Stack_Size used once
X 00000013

Symbol: X
   Definitions
      At line 36 in file hr0707.s
   Uses
      At line 40 in file hr0707.s
Comment: X used once
__Vectors_Size 00000400

Symbol: __Vectors_Size
   Definitions
      At line 26 in file hr0707.s
   Uses
      At line 21 in file hr0707.s
Comment: __Vectors_Size used once
4 symbols
348 symbols in table
